cd build && make check
make[1]: Entering directory '/home/leduc/Downloads/pintos-anon-master/src/userprog/build'
pintos -v -k -T 60 --qemu  --filesys-size=2 -p tests/userprog/args-none -a args-none -- -q  -f run args-none < /dev/null 2> tests/userprog/args-none.errors > tests/userprog/args-none.output
pintos -v -k -T 60 --qemu  --filesys-size=2 -p tests/userprog/args-single -a args-single -- -q  -f run 'args-single onearg' < /dev/null 2> tests/userprog/args-single.errors > tests/userprog/args-single.output
pintos -v -k -T 60 --qemu  --filesys-size=2 -p tests/userprog/args-multiple -a args-multiple -- -q  -f run 'args-multiple some arguments for you!' < /dev/null 2> tests/userprog/args-multiple.errors > tests/userprog/args-multiple.output
pintos -v -k -T 60 --qemu  --filesys-size=2 -p tests/userprog/args-many -a args-many -- -q  -f run 'args-many a b c d e f g h i j k l m n o p q r s t u v' < /dev/null 2> tests/userprog/args-many.errors > tests/userprog/args-many.output
pintos -v -k -T 60 --qemu  --filesys-size=2 -p tests/userprog/args-dbl-space -a args-dbl-space -- -q  -f run 'args-dbl-space two  spaces!' < /dev/null 2> tests/userprog/args-dbl-space.errors > tests/userprog/args-dbl-space.output
pintos -v -k -T 60 --qemu  --filesys-size=2 -p tests/userprog/sc-bad-sp -a sc-bad-sp -- -q  -f run sc-bad-sp < /dev/null 2> tests/userprog/sc-bad-sp.errors > tests/userprog/sc-bad-sp.output
pintos -v -k -T 60 --qemu  --filesys-size=2 -p tests/userprog/sc-bad-arg -a sc-bad-arg -- -q  -f run sc-bad-arg < /dev/null 2> tests/userprog/sc-bad-arg.errors > tests/userprog/sc-bad-arg.output
pintos -v -k -T 60 --qemu  --filesys-size=2 -p tests/userprog/sc-boundary -a sc-boundary -- -q  -f run sc-boundary < /dev/null 2> tests/userprog/sc-boundary.errors > tests/userprog/sc-boundary.output
pintos -v -k -T 60 --qemu  --filesys-size=2 -p tests/userprog/sc-boundary-2 -a sc-boundary-2 -- -q  -f run sc-boundary-2 < /dev/null 2> tests/userprog/sc-boundary-2.errors > tests/userprog/sc-boundary-2.output
pintos -v -k -T 60 --qemu  --filesys-size=2 -p tests/userprog/sc-boundary-3 -a sc-boundary-3 -- -q  -f run sc-boundary-3 < /dev/null 2> tests/userprog/sc-boundary-3.errors > tests/userprog/sc-boundary-3.output
pintos -v -k -T 60 --qemu  --filesys-size=2 -p tests/userprog/halt -a halt -- -q  -f run halt < /dev/null 2> tests/userprog/halt.errors > tests/userprog/halt.output
pintos -v -k -T 60 --qemu  --filesys-size=2 -p tests/userprog/exit -a exit -- -q  -f run exit < /dev/null 2> tests/userprog/exit.errors > tests/userprog/exit.output
pintos -v -k -T 60 --qemu  --filesys-size=2 -p tests/userprog/create-normal -a create-normal -- -q  -f run create-normal < /dev/null 2> tests/userprog/create-normal.errors > tests/userprog/create-normal.output
pintos -v -k -T 60 --qemu  --filesys-size=2 -p tests/userprog/create-empty -a create-empty -- -q  -f run create-empty < /dev/null 2> tests/userprog/create-empty.errors > tests/userprog/create-empty.output
pintos -v -k -T 60 --qemu  --filesys-size=2 -p tests/userprog/create-null -a create-null -- -q  -f run create-null < /dev/null 2> tests/userprog/create-null.errors > tests/userprog/create-null.output
pintos -v -k -T 60 --qemu  --filesys-size=2 -p tests/userprog/create-bad-ptr -a create-bad-ptr -- -q  -f run create-bad-ptr < /dev/null 2> tests/userprog/create-bad-ptr.errors > tests/userprog/create-bad-ptr.output
make[1]: *** Deleting file 'tests/userprog/create-bad-ptr.output'
make[1]: *** Deleting file 'tests/userprog/create-null.output'
make[1]: *** Deleting file 'tests/userprog/create-empty.output'
make[1]: *** Deleting file 'tests/userprog/create-normal.output'
make[1]: *** Deleting file 'tests/userprog/exit.output'
make[1]: *** Deleting file 'tests/userprog/halt.output'
make[1]: *** Deleting file 'tests/userprog/sc-boundary-3.output'
make[1]: *** Deleting file 'tests/userprog/sc-boundary-2.output'
../../tests/Make.tests:74: recipe for target 'tests/userprog/sc-boundary-2.output' failed
make[1]: *** [tests/userprog/sc-boundary-2.output] Hangup
../../tests/Make.tests:74: recipe for target 'tests/userprog/sc-boundary-3.output' failed
make[1]: *** [tests/userprog/sc-boundary-3.output] Hangup
../../tests/Make.tests:74: recipe for target 'tests/userprog/exit.output' failed
make[1]: *** [tests/userprog/exit.output] Hangup
../../tests/Make.tests:74: recipe for target 'tests/userprog/create-empty.output' failed
make[1]: *** [tests/userprog/create-empty.output] Hangup
../../tests/Make.tests:74: recipe for target 'tests/userprog/create-null.output' failed
make[1]: *** [tests/userprog/create-null.output] Hangup
../../tests/Make.tests:74: recipe for target 'tests/userprog/create-bad-ptr.output' failed
make[1]: *** [tests/userprog/create-bad-ptr.output] Hangup
make: *** wait: No child processes.  Stop.
make: *** Waiting for unfinished jobs....
make: *** wait: No child processes.  Stop.
../../tests/Make.tests:74: recipe for target 'tests/userprog/create-normal.output' failed
make[1]: *** [tests/userprog/create-normal.output] Hangup
../../tests/Make.tests:74: recipe for target 'tests/userprog/halt.output' failed
make[1]: *** [tests/userprog/halt.output] Hangup
